<?xml version="1.0" encoding="UTF-8"?>
<testsuite xmlns:xsi="http://www.w3.org/2001/XMLSchema-instance" xsi:noNamespaceSchemaLocation="https://maven.apache.org/surefire/maven-surefire-plugin/xsd/surefire-test-report-3.0.xsd" version="3.0" name="io.confluent.kafka.serializers.KafkaAvroSerializerTest" time="2.746" tests="27" errors="0" skipped="0" failures="0">
  <properties>
    <property name="java.specification.version" value="16"/>
    <property name="sun.cpu.isalist" value="amd64"/>
    <property name="sun.jnu.encoding" value="Cp1252"/>
    <property name="java.class.path" value="C:\Users\Monika\OneDrive\Desktop\Kafka\Schema-Registry\avro-serializer\target\test-classes;C:\Users\Monika\OneDrive\Desktop\Kafka\Schema-Registry\avro-serializer\target\classes;C:\Users\Monika\.m2\repository\org\apache\kafka\kafka_2.13\7.0.0-ccs\kafka_2.13-7.0.0-ccs.jar;C:\Users\Monika\.m2\repository\org\apache\kafka\kafka-clients\7.0.0-ccs\kafka-clients-7.0.0-ccs.jar;C:\Users\Monika\.m2\repository\com\github\luben\zstd-jni\1.5.0-2\zstd-jni-1.5.0-2.jar;C:\Users\Monika\.m2\repository\org\lz4\lz4-java\1.7.1\lz4-java-1.7.1.jar;C:\Users\Monika\.m2\repository\org\xerial\snappy\snappy-java\1.1.8.1\snappy-java-1.1.8.1.jar;C:\Users\Monika\.m2\repository\org\scala-lang\scala-library\2.13.5\scala-library-2.13.5.jar;C:\Users\Monika\.m2\repository\org\apache\kafka\kafka-server-common\7.0.0-ccs\kafka-server-common-7.0.0-ccs.jar;C:\Users\Monika\.m2\repository\org\apache\kafka\kafka-metadata\7.0.0-ccs\kafka-metadata-7.0.0-ccs.jar;C:\Users\Monika\.m2\repository\org\apache\kafka\kafka-raft\7.0.0-ccs\kafka-raft-7.0.0-ccs.jar;C:\Users\Monika\.m2\repository\org\apache\kafka\kafka-storage\7.0.0-ccs\kafka-storage-7.0.0-ccs.jar;C:\Users\Monika\.m2\repository\org\apache\kafka\kafka-storage-api\7.0.0-ccs\kafka-storage-api-7.0.0-ccs.jar;C:\Users\Monika\.m2\repository\net\sourceforge\argparse4j\argparse4j\0.7.0\argparse4j-0.7.0.jar;C:\Users\Monika\.m2\repository\com\fasterxml\jackson\core\jackson-databind\2.12.3\jackson-databind-2.12.3.jar;C:\Users\Monika\.m2\repository\com\fasterxml\jackson\core\jackson-annotations\2.12.3\jackson-annotations-2.12.3.jar;C:\Users\Monika\.m2\repository\com\fasterxml\jackson\module\jackson-module-scala_2.13\2.12.3\jackson-module-scala_2.13-2.12.3.jar;C:\Users\Monika\.m2\repository\com\thoughtworks\paranamer\paranamer\2.8\paranamer-2.8.jar;C:\Users\Monika\.m2\repository\com\fasterxml\jackson\dataformat\jackson-dataformat-csv\2.12.3\jackson-dataformat-csv-2.12.3.jar;C:\Users\Monika\.m2\repository\com\fasterxml\jackson\datatype\jackson-datatype-jdk8\2.12.3\jackson-datatype-jdk8-2.12.3.jar;C:\Users\Monika\.m2\repository\net\sf\jopt-simple\jopt-simple\5.0.4\jopt-simple-5.0.4.jar;C:\Users\Monika\.m2\repository\com\yammer\metrics\metrics-core\2.2.0\metrics-core-2.2.0.jar;C:\Users\Monika\.m2\repository\org\scala-lang\modules\scala-collection-compat_2.13\2.4.4\scala-collection-compat_2.13-2.4.4.jar;C:\Users\Monika\.m2\repository\org\scala-lang\modules\scala-java8-compat_2.13\1.0.0\scala-java8-compat_2.13-1.0.0.jar;C:\Users\Monika\.m2\repository\org\scala-lang\scala-reflect\2.13.5\scala-reflect-2.13.5.jar;C:\Users\Monika\.m2\repository\com\typesafe\scala-logging\scala-logging_2.13\3.9.3\scala-logging_2.13-3.9.3.jar;C:\Users\Monika\.m2\repository\org\slf4j\slf4j-api\1.7.30\slf4j-api-1.7.30.jar;C:\Users\Monika\.m2\repository\io\dropwizard\metrics\metrics-core\4.1.12.1\metrics-core-4.1.12.1.jar;C:\Users\Monika\.m2\repository\org\apache\zookeeper\zookeeper\3.6.3\zookeeper-3.6.3.jar;C:\Users\Monika\.m2\repository\org\apache\zookeeper\zookeeper-jute\3.6.3\zookeeper-jute-3.6.3.jar;C:\Users\Monika\.m2\repository\org\apache\yetus\audience-annotations\0.5.0\audience-annotations-0.5.0.jar;C:\Users\Monika\.m2\repository\commons-cli\commons-cli\1.4\commons-cli-1.4.jar;C:\Users\Monika\.m2\repository\org\apache\avro\avro\1.10.1\avro-1.10.1.jar;C:\Users\Monika\.m2\repository\com\fasterxml\jackson\core\jackson-core\2.12.3\jackson-core-2.12.3.jar;C:\Users\Monika\.m2\repository\org\apache\commons\commons-compress\1.21\commons-compress-1.21.jar;C:\Users\Monika\.m2\repository\io\confluent\kafka-schema-serializer\7.0.0\kafka-schema-serializer-7.0.0.jar;C:\Users\Monika\.m2\repository\io\confluent\kafka-schema-registry-client\7.0.0\kafka-schema-registry-client-7.0.0.jar;C:\Users\Monika\.m2\repository\jakarta\ws\rs\jakarta.ws.rs-api\2.1.6\jakarta.ws.rs-api-2.1.6.jar;C:\Users\Monika\.m2\repository\org\glassfish\jersey\core\jersey-common\2.34\jersey-common-2.34.jar;C:\Users\Monika\.m2\repository\jakarta\annotation\jakarta.annotation-api\1.3.5\jakarta.annotation-api-1.3.5.jar;C:\Users\Monika\.m2\repository\org\glassfish\hk2\external\jakarta.inject\2.6.1\jakarta.inject-2.6.1.jar;C:\Users\Monika\.m2\repository\org\glassfish\hk2\osgi-resource-locator\1.0.3\osgi-resource-locator-1.0.3.jar;C:\Users\Monika\.m2\repository\io\swagger\swagger-annotations\1.6.2\swagger-annotations-1.6.2.jar;C:\Users\Monika\.m2\repository\io\swagger\swagger-core\1.6.2\swagger-core-1.6.2.jar;C:\Users\Monika\.m2\repository\org\apache\commons\commons-lang3\3.2.1\commons-lang3-3.2.1.jar;C:\Users\Monika\.m2\repository\com\fasterxml\jackson\dataformat\jackson-dataformat-yaml\2.12.3\jackson-dataformat-yaml-2.12.3.jar;C:\Users\Monika\.m2\repository\org\yaml\snakeyaml\1.27\snakeyaml-1.27.jar;C:\Users\Monika\.m2\repository\io\swagger\swagger-models\1.6.2\swagger-models-1.6.2.jar;C:\Users\Monika\.m2\repository\com\google\guava\guava\30.1.1-jre\guava-30.1.1-jre.jar;C:\Users\Monika\.m2\repository\com\google\guava\failureaccess\1.0.1\failureaccess-1.0.1.jar;C:\Users\Monika\.m2\repository\com\google\guava\listenablefuture\9999.0-empty-to-avoid-conflict-with-guava\listenablefuture-9999.0-empty-to-avoid-conflict-with-guava.jar;C:\Users\Monika\.m2\repository\com\google\code\findbugs\jsr305\3.0.2\jsr305-3.0.2.jar;C:\Users\Monika\.m2\repository\org\checkerframework\checker-qual\3.8.0\checker-qual-3.8.0.jar;C:\Users\Monika\.m2\repository\com\google\errorprone\error_prone_annotations\2.5.1\error_prone_annotations-2.5.1.jar;C:\Users\Monika\.m2\repository\com\google\j2objc\j2objc-annotations\1.3\j2objc-annotations-1.3.jar;C:\Users\Monika\.m2\repository\junit\junit\4.13.1\junit-4.13.1.jar;C:\Users\Monika\.m2\repository\org\hamcrest\hamcrest-core\1.3\hamcrest-core-1.3.jar;C:\Users\Monika\.m2\repository\org\slf4j\slf4j-log4j12\1.7.30\slf4j-log4j12-1.7.30.jar;C:\Users\Monika\.m2\repository\io\confluent\confluent-log4j\1.2.17-cp2\confluent-log4j-1.2.17-cp2.jar;C:\Users\Monika\.m2\repository\io\confluent\common-utils\7.0.0\common-utils-7.0.0.jar;"/>
    <property name="java.vm.vendor" value="Oracle Corporation"/>
    <property name="sun.arch.data.model" value="64"/>
    <property name="user.variant" value=""/>
    <property name="java.vendor.url" value="https://java.oracle.com/"/>
    <property name="user.timezone" value="Europe/London"/>
    <property name="os.name" value="Windows 10"/>
    <property name="java.vm.specification.version" value="16"/>
    <property name="sun.java.launcher" value="SUN_STANDARD"/>
    <property name="user.country" value="IN"/>
    <property name="sun.boot.library.path" value="C:\Users\Monika\.jdks\openjdk-16.0.1\bin"/>
    <property name="sun.java.command" value="C:\Users\Monika\AppData\Local\Temp\surefire9031878040807987603\surefirebooter5622428046609495470.jar C:\Users\Monika\AppData\Local\Temp\surefire9031878040807987603 2024-02-20T19-00-53_476-jvmRun1 surefire11238626297034616779tmp surefire_014549149910694499289tmp"/>
    <property name="jdk.debug" value="release"/>
    <property name="surefire.test.class.path" value="C:\Users\Monika\OneDrive\Desktop\Kafka\Schema-Registry\avro-serializer\target\test-classes;C:\Users\Monika\OneDrive\Desktop\Kafka\Schema-Registry\avro-serializer\target\classes;C:\Users\Monika\.m2\repository\org\apache\kafka\kafka_2.13\7.0.0-ccs\kafka_2.13-7.0.0-ccs.jar;C:\Users\Monika\.m2\repository\org\apache\kafka\kafka-clients\7.0.0-ccs\kafka-clients-7.0.0-ccs.jar;C:\Users\Monika\.m2\repository\com\github\luben\zstd-jni\1.5.0-2\zstd-jni-1.5.0-2.jar;C:\Users\Monika\.m2\repository\org\lz4\lz4-java\1.7.1\lz4-java-1.7.1.jar;C:\Users\Monika\.m2\repository\org\xerial\snappy\snappy-java\1.1.8.1\snappy-java-1.1.8.1.jar;C:\Users\Monika\.m2\repository\org\scala-lang\scala-library\2.13.5\scala-library-2.13.5.jar;C:\Users\Monika\.m2\repository\org\apache\kafka\kafka-server-common\7.0.0-ccs\kafka-server-common-7.0.0-ccs.jar;C:\Users\Monika\.m2\repository\org\apache\kafka\kafka-metadata\7.0.0-ccs\kafka-metadata-7.0.0-ccs.jar;C:\Users\Monika\.m2\repository\org\apache\kafka\kafka-raft\7.0.0-ccs\kafka-raft-7.0.0-ccs.jar;C:\Users\Monika\.m2\repository\org\apache\kafka\kafka-storage\7.0.0-ccs\kafka-storage-7.0.0-ccs.jar;C:\Users\Monika\.m2\repository\org\apache\kafka\kafka-storage-api\7.0.0-ccs\kafka-storage-api-7.0.0-ccs.jar;C:\Users\Monika\.m2\repository\net\sourceforge\argparse4j\argparse4j\0.7.0\argparse4j-0.7.0.jar;C:\Users\Monika\.m2\repository\com\fasterxml\jackson\core\jackson-databind\2.12.3\jackson-databind-2.12.3.jar;C:\Users\Monika\.m2\repository\com\fasterxml\jackson\core\jackson-annotations\2.12.3\jackson-annotations-2.12.3.jar;C:\Users\Monika\.m2\repository\com\fasterxml\jackson\module\jackson-module-scala_2.13\2.12.3\jackson-module-scala_2.13-2.12.3.jar;C:\Users\Monika\.m2\repository\com\thoughtworks\paranamer\paranamer\2.8\paranamer-2.8.jar;C:\Users\Monika\.m2\repository\com\fasterxml\jackson\dataformat\jackson-dataformat-csv\2.12.3\jackson-dataformat-csv-2.12.3.jar;C:\Users\Monika\.m2\repository\com\fasterxml\jackson\datatype\jackson-datatype-jdk8\2.12.3\jackson-datatype-jdk8-2.12.3.jar;C:\Users\Monika\.m2\repository\net\sf\jopt-simple\jopt-simple\5.0.4\jopt-simple-5.0.4.jar;C:\Users\Monika\.m2\repository\com\yammer\metrics\metrics-core\2.2.0\metrics-core-2.2.0.jar;C:\Users\Monika\.m2\repository\org\scala-lang\modules\scala-collection-compat_2.13\2.4.4\scala-collection-compat_2.13-2.4.4.jar;C:\Users\Monika\.m2\repository\org\scala-lang\modules\scala-java8-compat_2.13\1.0.0\scala-java8-compat_2.13-1.0.0.jar;C:\Users\Monika\.m2\repository\org\scala-lang\scala-reflect\2.13.5\scala-reflect-2.13.5.jar;C:\Users\Monika\.m2\repository\com\typesafe\scala-logging\scala-logging_2.13\3.9.3\scala-logging_2.13-3.9.3.jar;C:\Users\Monika\.m2\repository\org\slf4j\slf4j-api\1.7.30\slf4j-api-1.7.30.jar;C:\Users\Monika\.m2\repository\io\dropwizard\metrics\metrics-core\4.1.12.1\metrics-core-4.1.12.1.jar;C:\Users\Monika\.m2\repository\org\apache\zookeeper\zookeeper\3.6.3\zookeeper-3.6.3.jar;C:\Users\Monika\.m2\repository\org\apache\zookeeper\zookeeper-jute\3.6.3\zookeeper-jute-3.6.3.jar;C:\Users\Monika\.m2\repository\org\apache\yetus\audience-annotations\0.5.0\audience-annotations-0.5.0.jar;C:\Users\Monika\.m2\repository\commons-cli\commons-cli\1.4\commons-cli-1.4.jar;C:\Users\Monika\.m2\repository\org\apache\avro\avro\1.10.1\avro-1.10.1.jar;C:\Users\Monika\.m2\repository\com\fasterxml\jackson\core\jackson-core\2.12.3\jackson-core-2.12.3.jar;C:\Users\Monika\.m2\repository\org\apache\commons\commons-compress\1.21\commons-compress-1.21.jar;C:\Users\Monika\.m2\repository\io\confluent\kafka-schema-serializer\7.0.0\kafka-schema-serializer-7.0.0.jar;C:\Users\Monika\.m2\repository\io\confluent\kafka-schema-registry-client\7.0.0\kafka-schema-registry-client-7.0.0.jar;C:\Users\Monika\.m2\repository\jakarta\ws\rs\jakarta.ws.rs-api\2.1.6\jakarta.ws.rs-api-2.1.6.jar;C:\Users\Monika\.m2\repository\org\glassfish\jersey\core\jersey-common\2.34\jersey-common-2.34.jar;C:\Users\Monika\.m2\repository\jakarta\annotation\jakarta.annotation-api\1.3.5\jakarta.annotation-api-1.3.5.jar;C:\Users\Monika\.m2\repository\org\glassfish\hk2\external\jakarta.inject\2.6.1\jakarta.inject-2.6.1.jar;C:\Users\Monika\.m2\repository\org\glassfish\hk2\osgi-resource-locator\1.0.3\osgi-resource-locator-1.0.3.jar;C:\Users\Monika\.m2\repository\io\swagger\swagger-annotations\1.6.2\swagger-annotations-1.6.2.jar;C:\Users\Monika\.m2\repository\io\swagger\swagger-core\1.6.2\swagger-core-1.6.2.jar;C:\Users\Monika\.m2\repository\org\apache\commons\commons-lang3\3.2.1\commons-lang3-3.2.1.jar;C:\Users\Monika\.m2\repository\com\fasterxml\jackson\dataformat\jackson-dataformat-yaml\2.12.3\jackson-dataformat-yaml-2.12.3.jar;C:\Users\Monika\.m2\repository\org\yaml\snakeyaml\1.27\snakeyaml-1.27.jar;C:\Users\Monika\.m2\repository\io\swagger\swagger-models\1.6.2\swagger-models-1.6.2.jar;C:\Users\Monika\.m2\repository\com\google\guava\guava\30.1.1-jre\guava-30.1.1-jre.jar;C:\Users\Monika\.m2\repository\com\google\guava\failureaccess\1.0.1\failureaccess-1.0.1.jar;C:\Users\Monika\.m2\repository\com\google\guava\listenablefuture\9999.0-empty-to-avoid-conflict-with-guava\listenablefuture-9999.0-empty-to-avoid-conflict-with-guava.jar;C:\Users\Monika\.m2\repository\com\google\code\findbugs\jsr305\3.0.2\jsr305-3.0.2.jar;C:\Users\Monika\.m2\repository\org\checkerframework\checker-qual\3.8.0\checker-qual-3.8.0.jar;C:\Users\Monika\.m2\repository\com\google\errorprone\error_prone_annotations\2.5.1\error_prone_annotations-2.5.1.jar;C:\Users\Monika\.m2\repository\com\google\j2objc\j2objc-annotations\1.3\j2objc-annotations-1.3.jar;C:\Users\Monika\.m2\repository\junit\junit\4.13.1\junit-4.13.1.jar;C:\Users\Monika\.m2\repository\org\hamcrest\hamcrest-core\1.3\hamcrest-core-1.3.jar;C:\Users\Monika\.m2\repository\org\slf4j\slf4j-log4j12\1.7.30\slf4j-log4j12-1.7.30.jar;C:\Users\Monika\.m2\repository\io\confluent\confluent-log4j\1.2.17-cp2\confluent-log4j-1.2.17-cp2.jar;C:\Users\Monika\.m2\repository\io\confluent\common-utils\7.0.0\common-utils-7.0.0.jar;"/>
    <property name="sun.cpu.endian" value="little"/>
    <property name="user.home" value="C:\Users\Monika"/>
    <property name="user.language" value="en"/>
    <property name="java.specification.vendor" value="Oracle Corporation"/>
    <property name="java.version.date" value="2021-04-20"/>
    <property name="java.home" value="C:\Users\Monika\.jdks\openjdk-16.0.1"/>
    <property name="file.separator" value="\"/>
    <property name="basedir" value="C:\Users\Monika\OneDrive\Desktop\Kafka\Schema-Registry\avro-serializer"/>
    <property name="java.vm.compressedOopsMode" value="32-bit"/>
    <property name="line.separator" value="&#10;"/>
    <property name="java.vm.specification.vendor" value="Oracle Corporation"/>
    <property name="java.specification.name" value="Java Platform API Specification"/>
    <property name="java.awt.headless" value="true"/>
    <property name="surefire.real.class.path" value="C:\Users\Monika\AppData\Local\Temp\surefire9031878040807987603\surefirebooter5622428046609495470.jar"/>
    <property name="user.script" value=""/>
    <property name="sun.management.compiler" value="HotSpot 64-Bit Tiered Compilers"/>
    <property name="java.runtime.version" value="16.0.1+9-24"/>
    <property name="user.name" value="Monika"/>
    <property name="path.separator" value=";"/>
    <property name="os.version" value="10.0"/>
    <property name="java.runtime.name" value="OpenJDK Runtime Environment"/>
    <property name="file.encoding" value="Cp1252"/>
    <property name="java.vm.name" value="OpenJDK 64-Bit Server VM"/>
    <property name="localRepository" value="C:\Users\Monika\.m2\repository"/>
    <property name="java.vendor.url.bug" value="https://bugreport.java.com/bugreport/"/>
    <property name="java.io.tmpdir" value="C:\Users\Monika\AppData\Local\Temp\"/>
    <property name="idea.version" value="2020.3.3"/>
    <property name="java.version" value="16.0.1"/>
    <property name="user.dir" value="C:\Users\Monika\OneDrive\Desktop\Kafka\Schema-Registry\avro-serializer"/>
    <property name="os.arch" value="amd64"/>
    <property name="java.vm.specification.name" value="Java Virtual Machine Specification"/>
    <property name="sun.os.patch.level" value=""/>
    <property name="java.library.path" value="C:\Users\Monika\.jdks\openjdk-16.0.1\bin;C:\WINDOWS\Sun\Java\bin;C:\WINDOWS\system32;C:\WINDOWS;C:\Program Files (x86)\Common Files\Oracle\Java\javapath;C:\Windows\system32;C:\Windows;C:\Windows\System32\Wbem;C:\Windows\System32\WindowsPowerShell\v1.0\;C:\Windows\System32\OpenSSH\;C:\Program Files (x86)\NVIDIA Corporation\PhysX\Common;C:\Program Files\NVIDIA Corporation\NVIDIA NvDLISR;C:\Program Files\Amazon\AWSCLIV2\;C:\WINDOWS\system32;C:\WINDOWS;C:\WINDOWS\System32\Wbem;C:\WINDOWS\System32\WindowsPowerShell\v1.0\;C:\WINDOWS\System32\OpenSSH\;C:\Program Files (x86)\HP\Common\HPDestPlgIn\;C:\Program Files\PuTTY\;C:\Program Files\Git\cmd;C:\Users\Monika\AppData\Local\Microsoft\WindowsApps;C:\Program Files (x86)\HP\Common\HPDestPlgIn\;C:\Program Files\JetBrains\PyCharm 2021.2.2\bin;;C:\Program Files\Java\jdk1.8.0_271\bin;;."/>
    <property name="java.vm.info" value="mixed mode, sharing"/>
    <property name="java.vendor" value="Oracle Corporation"/>
    <property name="java.vm.version" value="16.0.1+9-24"/>
    <property name="sun.io.unicode.encoding" value="UnicodeLittle"/>
    <property name="java.class.version" value="60.0"/>
  </properties>
  <testcase name="testKafkaAvroSerializerReflectionRecord" classname="io.confluent.kafka.serializers.KafkaAvroSerializerTest" time="0.443"/>
  <testcase name="testKafkaAvroSerializerSpecificRecordWithProjection" classname="io.confluent.kafka.serializers.KafkaAvroSerializerTest" time="0.285"/>
  <testcase name="testKafkaAvroSerializerWithMultiTypeError" classname="io.confluent.kafka.serializers.KafkaAvroSerializerTest" time="0.317"/>
  <testcase name="testKafkaAvroSerializerWithMultiTypeUnion" classname="io.confluent.kafka.serializers.KafkaAvroSerializerTest" time="0.068"/>
  <testcase name="testNull" classname="io.confluent.kafka.serializers.KafkaAvroSerializerTest" time="0.026"/>
  <testcase name="testKafkaAvroSerializerWithMapSpecific" classname="io.confluent.kafka.serializers.KafkaAvroSerializerTest" time="0.065"/>
  <testcase name="testKafkaAvroSerializerNonexistantReflectionRecord" classname="io.confluent.kafka.serializers.KafkaAvroSerializerTest" time="0.045"/>
  <testcase name="testKafkaAvroSerializerReflectionRecordWithProjection" classname="io.confluent.kafka.serializers.KafkaAvroSerializerTest" time="0.048"/>
  <testcase name="testKafkaAvroSerializerSpecificRecordWithPrimitives" classname="io.confluent.kafka.serializers.KafkaAvroSerializerTest" time="0.062"/>
  <testcase name="testKafkaAvroSerializerWithoutConfigure" classname="io.confluent.kafka.serializers.KafkaAvroSerializerTest" time="0.047"/>
  <testcase name="testKafkaAvroSerializerSpecificRecord" classname="io.confluent.kafka.serializers.KafkaAvroSerializerTest" time="0.033"/>
  <testcase name="testKafkaAvroSerializerWithArraySpecific" classname="io.confluent.kafka.serializers.KafkaAvroSerializerTest" time="0.062"/>
  <testcase name="testAvroSerializerInvalidInput" classname="io.confluent.kafka.serializers.KafkaAvroSerializerTest" time="0.047"/>
  <testcase name="testKafkaAvroSerializerReflectionRecordWithNullField" classname="io.confluent.kafka.serializers.KafkaAvroSerializerTest" time="0.095"/>
  <testcase name="testKafkaAvroSerializerReflectionRecordWithPrimitives" classname="io.confluent.kafka.serializers.KafkaAvroSerializerTest" time="0.315"/>
  <testcase name="testKafkaAvroDeserializerWithoutConfigure" classname="io.confluent.kafka.serializers.KafkaAvroSerializerTest" time="0.096"/>
  <testcase name="testKafkaAvroSerializerWithMultiTypeUnionSpecific" classname="io.confluent.kafka.serializers.KafkaAvroSerializerTest" time="0.094"/>
  <testcase name="testKafkaAvroSerializer" classname="io.confluent.kafka.serializers.KafkaAvroSerializerTest" time="0.063"/>
  <testcase name="testKafkaAvroSerializerWithPreRegisteredRemoveJavaProperties" classname="io.confluent.kafka.serializers.KafkaAvroSerializerTest" time="0.062"/>
  <testcase name="testKafkaAvroSerializerWithPreRegistered" classname="io.confluent.kafka.serializers.KafkaAvroSerializerTest" time="0.079"/>
  <testcase name="testKafkaAvroSerializerWithMultiType" classname="io.confluent.kafka.serializers.KafkaAvroSerializerTest" time="0.063"/>
  <testcase name="test_schemas_per_subject" classname="io.confluent.kafka.serializers.KafkaAvroSerializerTest" time="0.063"/>
  <testcase name="testKafkaAvroSerializerWithPreRegisteredUseLatest" classname="io.confluent.kafka.serializers.KafkaAvroSerializerTest" time="0.049"/>
  <testcase name="testKafkaAvroSerializerGenericRecordWithConverters" classname="io.confluent.kafka.serializers.KafkaAvroSerializerTest" time="0.062"/>
  <testcase name="testKafkaAvroSerializerWithProjection" classname="io.confluent.kafka.serializers.KafkaAvroSerializerTest" time="0.047"/>
  <testcase name="testKafkaAvroSerializerWithoutAutoRegister" classname="io.confluent.kafka.serializers.KafkaAvroSerializerTest" time="0.063"/>
  <testcase name="testKafkaAvroSerializerSupportsSchemaEvolution" classname="io.confluent.kafka.serializers.KafkaAvroSerializerTest" time="0.047"/>
</testsuite>